<?xml version="1.0" encoding="UTF-8"?>
<testng-results skipped="0" failed="0" ignored="0" total="1" passed="1">
  <reporter-output>
  </reporter-output>
  <suite name="Default suite" duration-ms="19082" started-at="2020-08-25T16:10:42 CDT" finished-at="2020-08-25T16:11:01 CDT">
    <groups>
    </groups>
    <test name="Default test" duration-ms="19082" started-at="2020-08-25T16:10:42 CDT" finished-at="2020-08-25T16:11:01 CDT">
      <class name="com.training.sanity.tests.ChangePassword">
        <test-method status="PASS" signature="setUpBeforeClass()[pri:0, instance:com.training.sanity.tests.ChangePassword@2a17b7b6]" name="setUpBeforeClass" is-config="true" duration-ms="13" started-at="2020-08-25T16:10:42 CDT" finished-at="2020-08-25T16:10:42 CDT">
          <reporter-output>
          </reporter-output>
        </test-method> <!-- setUpBeforeClass -->
        <test-method status="PASS" signature="setUp()[pri:0, instance:com.training.sanity.tests.ChangePassword@2a17b7b6]" name="setUp" is-config="true" duration-ms="10063" started-at="2020-08-25T16:10:42 CDT" finished-at="2020-08-25T16:10:52 CDT">
          <reporter-output>
          </reporter-output>
        </test-method> <!-- setUp -->
        <test-method status="PASS" signature="validateChangePwdTest()[pri:0, instance:com.training.sanity.tests.ChangePassword@2a17b7b6]" name="validateChangePwdTest" duration-ms="7957" started-at="2020-08-25T16:10:52 CDT" finished-at="2020-08-25T16:11:00 CDT">
          <reporter-output>
          </reporter-output>
        </test-method> <!-- validateChangePwdTest -->
        <test-method status="PASS" signature="tearDown()[pri:0, instance:com.training.sanity.tests.ChangePassword@2a17b7b6]" name="tearDown" is-config="true" duration-ms="1002" started-at="2020-08-25T16:11:00 CDT" finished-at="2020-08-25T16:11:01 CDT">
          <reporter-output>
          </reporter-output>
        </test-method> <!-- tearDown -->
      </class> <!-- com.training.sanity.tests.ChangePassword -->
    </test> <!-- Default test -->
  </suite> <!-- Default suite -->
</testng-results>
